
                    .----------.                 
                    | random A |                 
                    '----------'                 
                          |                      
                          v                      
                     .---------.                 
                     | input B |<-------.-.      
                     '---------'        | |      
                          |             | |      
                          v             | |      
                     .---------.        | |      
                NO  /           \       | |      
           .-------(   B > A ?   )      | |      
           |        \           /       | |      
           |         '---------'        | |      
           |          YES |             | |      
           |              v             | |      
           |     .-----------------.    | |      
           |     | print "TOO BIG" |----' |      
           |     '-----------------'      |      
           '--------------.               |      
                          v               |      
                     .---------.          |      
               NO   /           \         |      
         .---------(   B < A ?   )        |      
         |          \           /         |      
         |           '---------'          |      
         |            YES |               |      
         |                v               |      
         |      .-------------------.     |      
         |      | print "TOO SMALL" |-----'      
         |      '-------------------'            
         '----------------.                      
                          v                      
                .-------------------.            
                | ;print "YOU WIN"; |            
                | ;print "YOU WIN"; |            
                | ;print "YOU WIN"; |            
                '-------------------'            
                          |                      
                          v                      
                       .-----.                   
                       | end |                   
                       '-----'                   
