
                    .----------.                 
                    | random A |                 
                    '----------'                 
                          |                      
                          v                      
                     .---------.                 
         .---------->| input B |<-------.        
         |           '---------'        |        
         |                |             |        
         |                v             |        
         |           .---------.        |        
         |      NO  /           \       |        
         | .-------(   B > A ?   )      |        
         | |        \           /       |        
         | |         '---------'        |        
         | |              |YES          |        
         | |              v             |        
         | |     .-----------------.    |        
         | |     | print "TOO BIG" |----'        
         | |     '-----------------'             
         | |                                     
         | |                                     
         | |         .---------.                 
         | |        /           \ NO             
         | '------>(   B < A ?   )--------.      
         |          \           /         |      
         |           '---------'          |      
         |                |YES            |      
         |                v               |      
         |      .-------------------.     |      
         '------| print "TOO SMALL" |     |      
                '-------------------'     |      
                                          |      
                                          |      
                .-------------------.     |      
                | ;print "YOU WIN"; |     |      
                | ;print "YOU WIN"; |<----'      
                | ;print "YOU WIN"; |            
                '-------------------'            
                          |                      
                          v                      
                       .-----.                   
                       | end |                   
                       '-----'                   

